SF:lib\main.dart
DA:5,0
DA:6,0
DA:10,2
DA:12,1
DA:14,1
DA:17,1
DA:22,1
LF:7
LH:5
end_of_record
SF:lib\routes.dart
DA:10,3
DA:11,1
DA:12,0
DA:13,0
DA:14,0
DA:15,0
DA:16,0
DA:17,0
LF:8
LH:2
end_of_record
SF:lib\screens\splash_screen.dart
DA:7,1
DA:8,1
DA:10,1
DA:11,0
DA:12,0
DA:14,1
DA:15,1
DA:16,1
DA:18,1
DA:19,1
DA:22,1
DA:23,1
DA:33,1
DA:35,4
DA:40,1
DA:42,4
DA:50,1
DA:52,4
LF:18
LH:16
end_of_record
SF:lib\pages\about_page.dart
DA:6,2
DA:8,0
DA:9,0
DA:15,0
DA:17,0
DA:18,0
DA:19,0
DA:21,0
DA:22,0
DA:23,0
DA:24,0
DA:29,0
DA:33,0
DA:41,0
DA:67,0
LF:15
LH:1
end_of_record
SF:lib\pages\archive_page.dart
DA:6,2
DA:8,0
DA:9,0
DA:15,0
LF:4
LH:1
end_of_record
SF:lib\pages\audio_page.dart
DA:6,2
DA:8,0
DA:9,0
DA:15,0
LF:4
LH:1
end_of_record
SF:lib\pages\home_page.dart
DA:8,2
DA:10,0
DA:11,0
DA:15,0
DA:17,0
DA:18,0
DA:20,0
DA:21,0
DA:29,0
DA:30,0
DA:32,0
DA:59,0
DA:63,0
DA:64,0
DA:65,0
DA:70,0
DA:72,0
DA:73,0
DA:78,0
DA:80,0
DA:87,0
DA:88,0
DA:91,0
DA:96,0
DA:97,0
DA:98,0
DA:103,0
DA:105,0
DA:113,0
DA:118,0
DA:120,0
DA:121,0
DA:126,0
DA:128,0
DA:136,0
DA:141,0
DA:143,0
DA:144,0
DA:149,0
DA:151,0
DA:159,0
DA:164,0
DA:165,0
DA:167,0
DA:168,0
DA:173,0
DA:175,0
LF:47
LH:1
end_of_record
SF:lib\pages\video_page.dart
DA:9,2
DA:11,0
DA:12,0
DA:17,0
DA:19,0
DA:20,0
DA:23,0
DA:27,0
DA:29,0
DA:30,0
DA:33,0
DA:35,0
DA:37,0
LF:13
LH:1
end_of_record
SF:lib\screens\main_screen.dart
DA:12,1
DA:14,0
DA:15,0
DA:27,0
DA:29,0
DA:47,0
DA:48,0
DA:50,0
DA:51,0
DA:52,0
DA:53,0
DA:60,0
DA:61,0
LF:13
LH:1
end_of_record
